This is pdfTeX, Version 3.141592653-2.6-1.40.25 (MiKTeX 24.1) (preloaded format=pdflatex 2024.4.20)  9 JUN 2024 19:46
entering extended mode
 restricted \write18 enabled.
 %&-line parsing enabled.
**./tesis.tex
(tesis.tex
LaTeX2e <2023-11-01> patch level 1
L3 programming layer <2024-01-04>
(D:\Program Files (x86)\latex\tex/latex/base\report.cls
Document Class: report 2023/05/17 v1.4n Standard LaTeX document class
(D:\Program Files (x86)\latex\tex/latex/base\size12.clo
File: size12.clo 2023/05/17 v1.4n Standard LaTeX file (size option)
)
\c@part=\count187
\c@chapter=\count188
\c@section=\count189
\c@subsection=\count190
\c@subsubsection=\count191
\c@paragraph=\count192
\c@subparagraph=\count193
\c@figure=\count194
\c@table=\count195
\abovecaptionskip=\skip48
\belowcaptionskip=\skip49
\bibindent=\dimen140
)
(D:\Program Files (x86)\latex\tex/latex/psnfss\mathptmx.sty
Package: mathptmx 2020/03/25 PSNFSS-v9.3 Times w/ Math, improved (SPQR, WaS) 
LaTeX Font Info:    Redeclaring symbol font `operators' on input line 28.
LaTeX Font Info:    Overwriting symbol font `operators' in version `normal'
(Font)                  OT1/cmr/m/n --> OT1/ztmcm/m/n on input line 28.
LaTeX Font Info:    Overwriting symbol font `operators' in version `bold'
(Font)                  OT1/cmr/bx/n --> OT1/ztmcm/m/n on input line 28.
LaTeX Font Info:    Redeclaring symbol font `letters' on input line 29.
LaTeX Font Info:    Overwriting symbol font `letters' in version `normal'
(Font)                  OML/cmm/m/it --> OML/ztmcm/m/it on input line 29.
LaTeX Font Info:    Overwriting symbol font `letters' in version `bold'
(Font)                  OML/cmm/b/it --> OML/ztmcm/m/it on input line 29.
LaTeX Font Info:    Redeclaring symbol font `symbols' on input line 30.
LaTeX Font Info:    Overwriting symbol font `symbols' in version `normal'
(Font)                  OMS/cmsy/m/n --> OMS/ztmcm/m/n on input line 30.
LaTeX Font Info:    Overwriting symbol font `symbols' in version `bold'
(Font)                  OMS/cmsy/b/n --> OMS/ztmcm/m/n on input line 30.
LaTeX Font Info:    Redeclaring symbol font `largesymbols' on input line 31.
LaTeX Font Info:    Overwriting symbol font `largesymbols' in version `normal'
(Font)                  OMX/cmex/m/n --> OMX/ztmcm/m/n on input line 31.
LaTeX Font Info:    Overwriting symbol font `largesymbols' in version `bold'
(Font)                  OMX/cmex/m/n --> OMX/ztmcm/m/n on input line 31.
\symbold=\mathgroup4
\symitalic=\mathgroup5
LaTeX Font Info:    Redeclaring math alphabet \mathbf on input line 34.
LaTeX Font Info:    Overwriting math alphabet `\mathbf' in version `normal'
(Font)                  OT1/cmr/bx/n --> OT1/ptm/bx/n on input line 34.
LaTeX Font Info:    Overwriting math alphabet `\mathbf' in version `bold'
(Font)                  OT1/cmr/bx/n --> OT1/ptm/bx/n on input line 34.
LaTeX Font Info:    Redeclaring math alphabet \mathit on input line 35.
LaTeX Font Info:    Overwriting math alphabet `\mathit' in version `normal'
(Font)                  OT1/cmr/m/it --> OT1/ptm/m/it on input line 35.
LaTeX Font Info:    Overwriting math alphabet `\mathit' in version `bold'
(Font)                  OT1/cmr/bx/it --> OT1/ptm/m/it on input line 35.
LaTeX Info: Redefining \hbar on input line 50.
)
(D:\Program Files (x86)\latex\tex/latex/geometry\geometry.sty
Package: geometry 2020/01/02 v5.9 Page Geometry

(D:\Program Files (x86)\latex\tex/latex/graphics\keyval.sty
Package: keyval 2022/05/29 v1.15 key=value parser (DPC)
\KV@toks@=\toks17
)
(D:\Program Files (x86)\latex\tex/generic/iftex\ifvtex.sty
Package: ifvtex 2019/10/25 v1.7 ifvtex legacy package. Use iftex instead.

(D:\Program Files (x86)\latex\tex/generic/iftex\iftex.sty
Package: iftex 2022/02/03 v1.0f TeX engine tests
))
\Gm@cnth=\count196
\Gm@cntv=\count197
\c@Gm@tempcnt=\count198
\Gm@bindingoffset=\dimen141
\Gm@wd@mp=\dimen142
\Gm@odd@mp=\dimen143
\Gm@even@mp=\dimen144
\Gm@layoutwidth=\dimen145
\Gm@layoutheight=\dimen146
\Gm@layouthoffset=\dimen147
\Gm@layoutvoffset=\dimen148
\Gm@dimlist=\toks18

(D:\Program Files (x86)\latex\tex/latex/geometry\geometry.cfg))
(D:\Program Files (x86)\latex\tex/latex/base\inputenc.sty
Package: inputenc 2021/02/14 v1.3d Input encoding file
\inpenc@prehook=\toks19
\inpenc@posthook=\toks20
)
(D:\Program Files (x86)\latex\tex/latex/csquotes\csquotes.sty
Package: csquotes 2024-04-04 v5.2o context-sensitive quotations (JAW)

(D:\Program Files (x86)\latex\tex/latex/etoolbox\etoolbox.sty
Package: etoolbox 2020/10/05 v2.5k e-TeX tools for LaTeX (JAW)
\etb@tempcnta=\count199
)
\csq@reset=\count266
\csq@gtype=\count267
\csq@glevel=\count268
\csq@qlevel=\count269
\csq@maxlvl=\count270
\csq@tshold=\count271
\csq@ltx@everypar=\toks21

(D:\Program Files (x86)\latex\tex/latex/csquotes\csquotes.def
File: csquotes.def 2024-04-04 v5.2o csquotes generic definitions (JAW)
)
Package csquotes Info: Trying to load configuration file 'csquotes.cfg'...
Package csquotes Info: ... configuration file loaded successfully.

(D:\Program Files (x86)\latex\tex/latex/csquotes\csquotes.cfg
File: csquotes.cfg 
))
(D:\Program Files (x86)\latex\tex/generic/babel\babel.sty
Package: babel 2024/01/07 v24.1 The Babel package
\babel@savecnt=\count272
\U@D=\dimen149
\l@unhyphenated=\language79

(D:\Program Files (x86)\latex\tex/generic/babel\txtbabel.def)
\bbl@readstream=\read2
\bbl@dirlevel=\count273

*************************************
* Local config file bblopts.cfg used
*
(D:\Program Files (x86)\latex\tex/latex/arabi\bblopts.cfg
File: bblopts.cfg 2005/09/08 v0.1 add Arabic and Farsi to "declared" options of
 babel
)
(D:\Program Files (x86)\latex\tex/latex/babel-spanish\spanish.ldf
Language: spanish.ldf 2021/05/27 v5.0q Spanish support from the babel system
\es@quottoks=\toks22
\es@quotdepth=\count274
Package babel Info: Making " an active character on input line 570.
Package babel Info: Making . an active character on input line 675.
Package babel Info: Making < an active character on input line 722.
Package babel Info: Making > an active character on input line 722.
))
(D:\Program Files (x86)\latex\tex/generic/babel/locale/es\babel-spanish.tex
Package babel Info: Importing font and identification data for spanish
(babel)             from babel-es.ini. Reported on input line 11.
)
(D:\Program Files (x86)\latex\tex/latex/biblatex\biblatex.sty
Package: biblatex 2023/03/05 v3.19 programmable bibliographies (PK/MW)

(D:\Program Files (x86)\latex\tex/generic/pdftexcmds\pdftexcmds.sty
Package: pdftexcmds 2020-06-27 v0.33 Utility functions of pdfTeX for LuaTeX (HO
)

(D:\Program Files (x86)\latex\tex/generic/infwarerr\infwarerr.sty
Package: infwarerr 2019/12/03 v1.5 Providing info/warning/error messages (HO)
)
(D:\Program Files (x86)\latex\tex/generic/ltxcmds\ltxcmds.sty
Package: ltxcmds 2023-12-04 v1.26 LaTeX kernel commands for general use (HO)
)
Package pdftexcmds Info: \pdf@primitive is available.
Package pdftexcmds Info: \pdf@ifprimitive is available.
Package pdftexcmds Info: \pdfdraftmode found.
)
(D:\Program Files (x86)\latex\tex/latex/kvoptions\kvoptions.sty
Package: kvoptions 2022-06-15 v3.15 Key value format for package options (HO)

(D:\Program Files (x86)\latex\tex/latex/kvsetkeys\kvsetkeys.sty
Package: kvsetkeys 2022-10-05 v1.19 Key value parser (HO)
))
(D:\Program Files (x86)\latex\tex/latex/logreq\logreq.sty
Package: logreq 2010/08/04 v1.0 xml request logger
\lrq@indent=\count275

(D:\Program Files (x86)\latex\tex/latex/logreq\logreq.def
File: logreq.def 2010/08/04 v1.0 logreq spec v1.0
))
(D:\Program Files (x86)\latex\tex/latex/base\ifthen.sty
Package: ifthen 2022/04/13 v1.1d Standard LaTeX ifthen package (DPC)
)
(D:\Program Files (x86)\latex\tex/latex/url\url.sty
\Urlmuskip=\muskip16
Package: url 2013/09/16  ver 3.4  Verb mode for urls, etc.
)
\c@tabx@nest=\count276
\c@listtotal=\count277
\c@listcount=\count278
\c@liststart=\count279
\c@liststop=\count280
\c@citecount=\count281
\c@citetotal=\count282
\c@multicitecount=\count283
\c@multicitetotal=\count284
\c@instcount=\count285
\c@maxnames=\count286
\c@minnames=\count287
\c@maxitems=\count288
\c@minitems=\count289
\c@citecounter=\count290
\c@maxcitecounter=\count291
\c@savedcitecounter=\count292
\c@uniquelist=\count293
\c@uniquename=\count294
\c@refsection=\count295
\c@refsegment=\count296
\c@maxextratitle=\count297
\c@maxextratitleyear=\count298
\c@maxextraname=\count299
\c@maxextradate=\count300
\c@maxextraalpha=\count301
\c@abbrvpenalty=\count302
\c@highnamepenalty=\count303
\c@lownamepenalty=\count304
\c@maxparens=\count305
\c@parenlevel=\count306
\blx@tempcnta=\count307
\blx@tempcntb=\count308
\blx@tempcntc=\count309
\c@blx@maxsection=\count310
\blx@maxsegment@0=\count311
\blx@notetype=\count312
\blx@parenlevel@text=\count313
\blx@parenlevel@foot=\count314
\blx@sectionciteorder@0=\count315
\blx@sectionciteorderinternal@0=\count316
\blx@entrysetcounter=\count317
\blx@biblioinstance=\count318
\labelnumberwidth=\skip50
\labelalphawidth=\skip51
\biblabelsep=\skip52
\bibitemsep=\skip53
\bibnamesep=\skip54
\bibinitsep=\skip55
\bibparsep=\skip56
\bibhang=\skip57
\blx@bcfin=\read3
\blx@bcfout=\write3
\blx@langwohyphens=\language80
\c@mincomprange=\count319
\c@maxcomprange=\count320
\c@mincompwidth=\count321
Package biblatex Info: Trying to load biblatex default data model...
Package biblatex Info: ... file 'blx-dm.def' found.

(D:\Program Files (x86)\latex\tex/latex/biblatex\blx-dm.def
File: blx-dm.def 2023/03/05 v3.19 biblatex localization (PK/MW)
)
Package biblatex Info: Trying to load biblatex style data model...
Package biblatex Info: ... file 'apa.dbx' found.

(D:\Program Files (x86)\latex\tex/latex/biblatex-apa\apa.dbx
File: apa.dbx 2023/03/20 v9.17 APA biblatex style data model
)
Package biblatex Info: Trying to load biblatex custom data model...
Package biblatex Info: ... file 'biblatex-dm.cfg' not found.
\c@afterword=\count322
\c@savedafterword=\count323
\c@annotator=\count324
\c@savedannotator=\count325
\c@author=\count326
\c@savedauthor=\count327
\c@bookauthor=\count328
\c@savedbookauthor=\count329
\c@commentator=\count330
\c@savedcommentator=\count331
\c@editor=\count332
\c@savededitor=\count333
\c@editora=\count334
\c@savededitora=\count335
\c@editorb=\count336
\c@savededitorb=\count337
\c@editorc=\count338
\c@savededitorc=\count339
\c@foreword=\count340
\c@savedforeword=\count341
\c@holder=\count342
\c@savedholder=\count343
\c@introduction=\count344
\c@savedintroduction=\count345
\c@namea=\count346
\c@savednamea=\count347
\c@nameb=\count348
\c@savednameb=\count349
\c@namec=\count350
\c@savednamec=\count351
\c@translator=\count352
\c@savedtranslator=\count353
\c@shortauthor=\count354
\c@savedshortauthor=\count355
\c@shorteditor=\count356
\c@savedshorteditor=\count357
\c@narrator=\count358
\c@savednarrator=\count359
\c@execproducer=\count360
\c@savedexecproducer=\count361
\c@execdirector=\count362
\c@savedexecdirector=\count363
\c@with=\count364
\c@savedwith=\count365
\c@labelname=\count366
\c@savedlabelname=\count367
\c@institution=\count368
\c@savedinstitution=\count369
\c@lista=\count370
\c@savedlista=\count371
\c@listb=\count372
\c@savedlistb=\count373
\c@listc=\count374
\c@savedlistc=\count375
\c@listd=\count376
\c@savedlistd=\count377
\c@liste=\count378
\c@savedliste=\count379
\c@listf=\count380
\c@savedlistf=\count381
\c@location=\count382
\c@savedlocation=\count383
\c@organization=\count384
\c@savedorganization=\count385
\c@origlocation=\count386
\c@savedoriglocation=\count387
\c@origpublisher=\count388
\c@savedorigpublisher=\count389
\c@publisher=\count390
\c@savedpublisher=\count391
\c@language=\count392
\c@savedlanguage=\count393
\c@origlanguage=\count394
\c@savedoriglanguage=\count395
\c@citation=\count396
\c@savedcitation=\count397
\c@pageref=\count398
\c@savedpageref=\count399
\shorthandwidth=\skip58
\shortjournalwidth=\skip59
\shortserieswidth=\skip60
\shorttitlewidth=\skip61
\shortauthorwidth=\skip62
\shorteditorwidth=\skip63
\locallabelnumberwidth=\skip64
\locallabelalphawidth=\skip65
\localshorthandwidth=\skip66
\localshortjournalwidth=\skip67
\localshortserieswidth=\skip68
\localshorttitlewidth=\skip69
\localshortauthorwidth=\skip70
\localshorteditorwidth=\skip71
Package biblatex Info: Trying to load compatibility code...
Package biblatex Info: ... file 'blx-compat.def' found.

(D:\Program Files (x86)\latex\tex/latex/biblatex\blx-compat.def
File: blx-compat.def 2023/03/05 v3.19 biblatex compatibility (PK/MW)
)
Package biblatex Info: Trying to load generic definitions...
Package biblatex Info: ... file 'biblatex.def' found.

(D:\Program Files (x86)\latex\tex/latex/biblatex\biblatex.def
File: biblatex.def 2023/03/05 v3.19 biblatex compatibility (PK/MW)
\c@textcitecount=\count400
\c@textcitetotal=\count401
\c@textcitemaxnames=\count402
\c@biburlbigbreakpenalty=\count403
\c@biburlbreakpenalty=\count404
\c@biburlnumpenalty=\count405
\c@biburlucpenalty=\count406
\c@biburllcpenalty=\count407
\biburlbigskip=\muskip17
\biburlnumskip=\muskip18
\biburlucskip=\muskip19
\biburllcskip=\muskip20
\c@smartand=\count408
)
Package biblatex Info: Trying to load natbib compatibility...
Package biblatex Info: ... file 'blx-natbib.def' found.

(D:\Program Files (x86)\latex\tex/latex/biblatex\blx-natbib.def
File: blx-natbib.def 2023/03/05 v3.19 biblatex compatibility (PK/MW)
Package biblatex Info: Delimiter 'nameyeardelim' in context '' already defined,
 overwriting.
)
Package biblatex Info: Trying to load bibliography style 'apa'...
Package biblatex Info: ... file 'apa.bbx' found.

(D:\Program Files (x86)\latex\tex/latex/biblatex-apa\apa.bbx
File: apa.bbx 2023/03/20 v9.17 APA biblatex references style
Package biblatex Info: Trying to load bibliography style 'standard'...
Package biblatex Info: ... file 'standard.bbx' found.

(D:\Program Files (x86)\latex\tex/latex/biblatex/bbx\standard.bbx
File: standard.bbx 2023/03/05 v3.19 biblatex bibliography style (PK/MW)
\c@bbx:relatedcount=\count409
\c@bbx:relatedtotal=\count410
)
Package biblatex Info: Delimiter 'nameyeardelim' in context 'bib' already defin
ed, overwriting.
Package biblatex Info: Delimiter 'nameyeardelim' in context 'biblist' already d
efined, overwriting.
Package biblatex Info: Delimiter 'nonameyeardelim' in context 'bib' already def
ined, overwriting.
Package biblatex Info: Delimiter 'nonameyeardelim' in context 'biblist' already
 defined, overwriting.
)
Package biblatex Info: Trying to load citation style 'apa'...
Package biblatex Info: ... file 'apa.cbx' found.

(D:\Program Files (x86)\latex\tex/latex/biblatex-apa\apa.cbx
File: apa.cbx 2023/03/20 v9.17 APA biblatex citation style
Package biblatex Info: Delimiter 'nameyeardelim' in context '' already defined,
 overwriting.
Package biblatex Info: Delimiter 'andothersdelim' in context '' already defined
, overwriting.
Package biblatex Info: Redefining '\fullcite'.
Package biblatex Info: Redefining '\citeauthor'.
Package biblatex Info: Redefining '\citeyear'.
Package biblatex Info: Redefining '\cite'.
Package biblatex Info: Redefining '\cites'.
Package biblatex Info: Redefining '\parencite'.
Package biblatex Info: Redefining '\parencites'.
Package biblatex Info: Redefining '\footcite'.
Package biblatex Info: Redefining '\footcites'.
Package biblatex Info: Redefining '\footcitetext'.
Package biblatex Info: Redefining '\footcitetexts'.
Package biblatex Info: Redefining '\smartcite'.
Package biblatex Info: Redefining '\smartcites'.
Package biblatex Info: Redefining '\textcite'.
Package biblatex Info: Redefining '\textcites'.
)
Package biblatex Info: Trying to load configuration file...
Package biblatex Info: ... file 'biblatex.cfg' found.

(D:\Program Files (x86)\latex\tex/latex/biblatex\biblatex.cfg
File: biblatex.cfg 
)
Package biblatex Info: Input encoding 'utf8' detected.
Package biblatex Info: Document encoding is UTF8 ....

(D:\Program Files (x86)\latex\tex/latex/l3kernel\expl3.sty
Package: expl3 2024-01-04 L3 programming layer (loader) 

(D:\Program Files (x86)\latex\tex/latex/l3backend\l3backend-pdftex.def
File: l3backend-pdftex.def 2024-01-04 L3 backend support: PDF output (pdfTeX)
\l__color_backend_stack_int=\count411
\l__pdf_internal_box=\box51
))
Package biblatex Info: ... and expl3
(biblatex)             2024-01-04 L3 programming layer (loader) 
(biblatex)             is new enough (at least 2020/04/06),
(biblatex)             setting 'casechanger=expl3'.

(D:\Program Files (x86)\latex\tex/latex/biblatex\blx-case-expl3.sty
(D:\Program Files (x86)\latex\tex/latex/l3packages/xparse\xparse.sty
Package: xparse 2023-10-10 L3 Experimental document command parser
)
Package: blx-case-expl3 2023/03/05 v3.19 expl3 case changing code for biblatex
))
(D:\Program Files (x86)\latex\tex/latex/hyperref\hyperref.sty
Package: hyperref 2023-11-26 v7.01g Hypertext links for LaTeX

(D:\Program Files (x86)\latex\tex/generic/kvdefinekeys\kvdefinekeys.sty
Package: kvdefinekeys 2019-12-19 v1.6 Define keys (HO)
)
(D:\Program Files (x86)\latex\tex/generic/pdfescape\pdfescape.sty
Package: pdfescape 2019/12/09 v1.15 Implements pdfTeX's escape features (HO)
)
(D:\Program Files (x86)\latex\tex/latex/hycolor\hycolor.sty
Package: hycolor 2020-01-27 v1.10 Color options for hyperref/bookmark (HO)
)
(D:\Program Files (x86)\latex\tex/latex/letltxmacro\letltxmacro.sty
Package: letltxmacro 2019/12/03 v1.6 Let assignment for LaTeX macros (HO)
)
(D:\Program Files (x86)\latex\tex/latex/auxhook\auxhook.sty
Package: auxhook 2019-12-17 v1.6 Hooks for auxiliary files (HO)
)
(D:\Program Files (x86)\latex\tex/latex/hyperref\nameref.sty
Package: nameref 2023-11-26 v2.56 Cross-referencing by name of section

(D:\Program Files (x86)\latex\tex/latex/refcount\refcount.sty
Package: refcount 2019/12/15 v3.6 Data extraction from label references (HO)
)
(D:\Program Files (x86)\latex\tex/generic/gettitlestring\gettitlestring.sty
Package: gettitlestring 2019/12/15 v1.6 Cleanup title references (HO)
)
\c@section@level=\count412
)
\@linkdim=\dimen150
\Hy@linkcounter=\count413
\Hy@pagecounter=\count414

(D:\Program Files (x86)\latex\tex/latex/hyperref\pd1enc.def
File: pd1enc.def 2023-11-26 v7.01g Hyperref: PDFDocEncoding definition (HO)
Now handling font encoding PD1 ...
... no UTF-8 mapping file for font encoding PD1
)
(D:\Program Files (x86)\latex\tex/generic/intcalc\intcalc.sty
Package: intcalc 2019/12/15 v1.3 Expandable calculations with integers (HO)
)
\Hy@SavedSpaceFactor=\count415

(D:\Program Files (x86)\latex\tex/latex/hyperref\puenc.def
File: puenc.def 2023-11-26 v7.01g Hyperref: PDF Unicode definition (HO)
Now handling font encoding PU ...
... no UTF-8 mapping file for font encoding PU
)
Package hyperref Info: Option `colorlinks' set `true' on input line 4064.
Package hyperref Info: Option `bookmarks' set `true' on input line 4064.
Package hyperref Info: Hyper figures OFF on input line 4181.
Package hyperref Info: Link nesting OFF on input line 4186.
Package hyperref Info: Hyper index ON on input line 4189.
Package hyperref Info: Plain pages OFF on input line 4196.
Package hyperref Info: Backreferencing OFF on input line 4201.
Package hyperref Info: Implicit mode ON; LaTeX internals redefined.
Package hyperref Info: Bookmarks ON on input line 4448.
\c@Hy@tempcnt=\count416
LaTeX Info: Redefining \url on input line 4786.
\XeTeXLinkMargin=\dimen151

(D:\Program Files (x86)\latex\tex/generic/bitset\bitset.sty
Package: bitset 2019/12/09 v1.3 Handle bit-vector datatype (HO)

(D:\Program Files (x86)\latex\tex/generic/bigintcalc\bigintcalc.sty
Package: bigintcalc 2019/12/15 v1.5 Expandable calculations on big integers (HO
)
))
\Fld@menulength=\count417
\Field@Width=\dimen152
\Fld@charsize=\dimen153
Package hyperref Info: Hyper figures OFF on input line 6065.
Package hyperref Info: Link nesting OFF on input line 6070.
Package hyperref Info: Hyper index ON on input line 6073.
Package hyperref Info: backreferencing OFF on input line 6080.
Package hyperref Info: Link coloring ON on input line 6083.
Package hyperref Info: Link coloring with OCG OFF on input line 6090.
Package hyperref Info: PDF/A mode OFF on input line 6095.

(D:\Program Files (x86)\latex\tex/latex/base\atbegshi-ltx.sty
Package: atbegshi-ltx 2021/01/10 v1.0c Emulation of the original atbegshi
package with kernel methods
)
\Hy@abspage=\count418
\c@Item=\count419
\c@Hfootnote=\count420
)
Package hyperref Info: Driver (autodetected): hpdftex.

(D:\Program Files (x86)\latex\tex/latex/hyperref\hpdftex.def
File: hpdftex.def 2023-11-26 v7.01g Hyperref driver for pdfTeX

(D:\Program Files (x86)\latex\tex/latex/base\atveryend-ltx.sty
Package: atveryend-ltx 2020/08/19 v1.0a Emulation of the original atveryend pac
kage
with kernel methods
)
\Fld@listcount=\count421
\c@bookmark@seq@number=\count422

(D:\Program Files (x86)\latex\tex/latex/rerunfilecheck\rerunfilecheck.sty
Package: rerunfilecheck 2022-07-10 v1.10 Rerun checks for auxiliary files (HO)

(D:\Program Files (x86)\latex\tex/generic/uniquecounter\uniquecounter.sty
Package: uniquecounter 2019/12/15 v1.4 Provide unlimited unique counter (HO)
)
Package uniquecounter Info: New unique counter `rerunfilecheck' on input line 2
85.
)
\Hy@SectionHShift=\skip72
)
(D:\Program Files (x86)\latex\tex/latex/amsfonts\amssymb.sty
Package: amssymb 2013/01/14 v3.01 AMS font symbols

(D:\Program Files (x86)\latex\tex/latex/amsfonts\amsfonts.sty
Package: amsfonts 2013/01/14 v3.01 Basic AMSFonts support
\@emptytoks=\toks23
\symAMSa=\mathgroup6
\symAMSb=\mathgroup7
LaTeX Font Info:    Overwriting math alphabet `\mathfrak' in version `bold'
(Font)                  U/euf/m/n --> U/euf/b/n on input line 106.
))
(D:\Program Files (x86)\latex\tex/latex/graphics\graphicx.sty
Package: graphicx 2021/09/16 v1.2d Enhanced LaTeX Graphics (DPC,SPQR)

(D:\Program Files (x86)\latex\tex/latex/graphics\graphics.sty
Package: graphics 2022/03/10 v1.4e Standard LaTeX Graphics (DPC,SPQR)

(D:\Program Files (x86)\latex\tex/latex/graphics\trig.sty
Package: trig 2021/08/11 v1.11 sin cos tan (DPC)
)
(D:\Program Files (x86)\latex\tex/latex/graphics-cfg\graphics.cfg
File: graphics.cfg 2016/06/04 v1.11 sample graphics configuration
)
Package graphics Info: Driver file: pdftex.def on input line 107.

(D:\Program Files (x86)\latex\tex/latex/graphics-def\pdftex.def
File: pdftex.def 2022/09/22 v1.2b Graphics/color driver for pdftex
))
\Gin@req@height=\dimen154
\Gin@req@width=\dimen155
)
(D:\Program Files (x86)\latex\tex/latex/caption\caption.sty
Package: caption 2023/08/05 v3.6o Customizing captions (AR)

(D:\Program Files (x86)\latex\tex/latex/caption\caption3.sty
Package: caption3 2023/07/31 v2.4d caption3 kernel (AR)
\caption@tempdima=\dimen156
\captionmargin=\dimen157
\caption@leftmargin=\dimen158
\caption@rightmargin=\dimen159
\caption@width=\dimen160
\caption@indent=\dimen161
\caption@parindent=\dimen162
\caption@hangindent=\dimen163
Package caption Info: Standard document class detected.
)
\c@caption@flags=\count423
\c@continuedfloat=\count424
Package caption Info: hyperref package is loaded.
)
(D:\Program Files (x86)\latex\tex/latex/amsfonts\eucal.sty
Package: eucal 2009/06/22 v3.00 Euler Script fonts
LaTeX Font Info:    Overwriting math alphabet `\EuScript' in version `bold'
(Font)                  U/eus/m/n --> U/eus/b/n on input line 33.
)
(D:\Program Files (x86)\latex\tex/latex/graphics\color.sty
Package: color 2022/01/06 v1.3d Standard LaTeX Color (DPC)

(D:\Program Files (x86)\latex\tex/latex/graphics-cfg\color.cfg
File: color.cfg 2016/01/02 v1.6 sample color configuration
)
Package color Info: Driver file: pdftex.def on input line 149.

(D:\Program Files (x86)\latex\tex/latex/graphics\dvipsnam.def
File: dvipsnam.def 2016/06/17 v3.0m Driver-dependent file (DPC,SPQR)
)
(D:\Program Files (x86)\latex\tex/latex/graphics\mathcolor.ltx))
(D:\Program Files (x86)\latex\tex/latex/footmisc\footmisc.sty
Package: footmisc 2023/07/05 v6.0f a miscellany of footnote facilities
\FN@temptoken=\toks24
\footnotemargin=\dimen164
\@outputbox@depth=\dimen165

(D:\Program Files (x86)\latex\tex/latex/bigfoot\perpage.sty
Package: perpage 2014/10/25 2.0 Reset/sort counters per page
\c@abspage=\count425
)
\c@pp@a@footnote=\count426
Package footmisc Info: Declaring symbol style bringhurst on input line 696.
Package footmisc Info: Declaring symbol style chicago on input line 704.
Package footmisc Info: Declaring symbol style wiley on input line 713.
Package footmisc Info: Declaring symbol style lamport-robust on input line 724.

Package footmisc Info: Declaring symbol style lamport* on input line 744.
Package footmisc Info: Declaring symbol style lamport*-robust on input line 765
.
)
(D:\Program Files (x86)\latex\tex/latex/tools\multicol.sty
Package: multicol 2023/03/30 v1.9f multicolumn formatting (FMi)
\c@tracingmulticols=\count427
\mult@box=\box52
\multicol@leftmargin=\dimen166
\c@unbalance=\count428
\c@collectmore=\count429
\doublecol@number=\count430
\multicoltolerance=\count431
\multicolpretolerance=\count432
\full@width=\dimen167
\page@free=\dimen168
\premulticols=\dimen169
\postmulticols=\dimen170
\multicolsep=\skip73
\multicolbaselineskip=\skip74
\partial@page=\box53
\last@line=\box54
\mc@boxedresult=\box55
\maxbalancingoverflow=\dimen171
\mult@rightbox=\box56
\mult@grightbox=\box57
\mult@firstbox=\box58
\mult@gfirstbox=\box59
\@tempa=\box60
\@tempa=\box61
\@tempa=\box62
\@tempa=\box63
\@tempa=\box64
\@tempa=\box65
\@tempa=\box66
\@tempa=\box67
\@tempa=\box68
\@tempa=\box69
\@tempa=\box70
\@tempa=\box71
\@tempa=\box72
\@tempa=\box73
\@tempa=\box74
\@tempa=\box75
\@tempa=\box76
\@tempa=\box77
\@tempa=\box78
\@tempa=\box79
\@tempa=\box80
\@tempa=\box81
\@tempa=\box82
\@tempa=\box83
\@tempa=\box84
\@tempa=\box85
\@tempa=\box86
\@tempa=\box87
\@tempa=\box88
\@tempa=\box89
\@tempa=\box90
\@tempa=\box91
\@tempa=\box92
\@tempa=\box93
\@tempa=\box94
\@tempa=\box95
\c@minrows=\count433
\c@columnbadness=\count434
\c@finalcolumnbadness=\count435
\last@try=\dimen172
\multicolovershoot=\dimen173
\multicolundershoot=\dimen174
\mult@nat@firstbox=\box96
\colbreak@box=\box97
\mc@col@check@num=\count436
)
(D:\Program Files (x86)\latex\tex/latex/tocbibind\tocbibind.sty
Package: tocbibind 2010/10/13 v1.5k extra ToC listings
Package tocbibind Info: The document has chapter divisions on input line 50.


Package tocbibind Note: Using chapter style headings, unless overridden.

) (D:\Program Files (x86)\latex\tex/latex/appendix\appendix.sty
Package: appendix 2020/02/08 v1.2c extra appendix facilities
\c@@pps=\count437
\c@@ppsavesec=\count438
\c@@ppsaveapp=\count439
)
(D:\Program Files (x86)\latex\tex/latex/fancyhdr\fancyhdr.sty
Package: fancyhdr 2022/11/09 v4.1 Extensive control of page headers and footers

\f@nch@headwidth=\skip75
\f@nch@O@elh=\skip76
\f@nch@O@erh=\skip77
\f@nch@O@olh=\skip78
\f@nch@O@orh=\skip79
\f@nch@O@elf=\skip80
\f@nch@O@erf=\skip81
\f@nch@O@olf=\skip82
\f@nch@O@orf=\skip83
)
(D:\Program Files (x86)\latex\tex/latex/tools\array.sty
Package: array 2023/10/16 v2.5g Tabular extension package (FMi)
\col@sep=\dimen175
\ar@mcellbox=\box98
\extrarowheight=\dimen176
\NC@list=\toks25
\extratabsurround=\skip84
\backup@length=\skip85
\ar@cellbox=\box99
)
(D:\Program Files (x86)\latex\tex/latex/ragged2e\ragged2e.sty
Package: ragged2e 2023/06/22 v3.6 ragged2e Package
\CenteringLeftskip=\skip86
\RaggedLeftLeftskip=\skip87
\RaggedRightLeftskip=\skip88
\CenteringRightskip=\skip89
\RaggedLeftRightskip=\skip90
\RaggedRightRightskip=\skip91
\CenteringParfillskip=\skip92
\RaggedLeftParfillskip=\skip93
\RaggedRightParfillskip=\skip94
\JustifyingParfillskip=\skip95
\CenteringParindent=\skip96
\RaggedLeftParindent=\skip97
\RaggedRightParindent=\skip98
\JustifyingParindent=\skip99
)
(D:\Program Files (x86)\latex\tex/latex/multirow\multirow.sty
Package: multirow 2021/03/15 v2.8 Span multiple rows of a table
\multirow@colwidth=\skip100
\multirow@cntb=\count440
\multirow@dima=\skip101
\bigstrutjot=\dimen177
)
(D:\Program Files (x86)\latex\tex/latex/makecell\makecell.sty
Package: makecell 2009/08/03 V0.1e Managing of Tab Column Heads and Cells
\rotheadsize=\dimen178
\c@nlinenum=\count441
\TeXr@lab=\toks26
)
(D:\Program Files (x86)\latex\tex/latex/amsmath\amsmath.sty
Package: amsmath 2023/05/13 v2.17o AMS math features
\@mathmargin=\skip102

For additional information on amsmath, use the `?' option.
(D:\Program Files (x86)\latex\tex/latex/amsmath\amstext.sty
Package: amstext 2021/08/26 v2.01 AMS text

(D:\Program Files (x86)\latex\tex/latex/amsmath\amsgen.sty
File: amsgen.sty 1999/11/30 v2.0 generic functions
\@emptytoks=\toks27
\ex@=\dimen179
))
(D:\Program Files (x86)\latex\tex/latex/amsmath\amsbsy.sty
Package: amsbsy 1999/11/29 v1.2d Bold Symbols
\pmbraise@=\dimen180
)
(D:\Program Files (x86)\latex\tex/latex/amsmath\amsopn.sty
Package: amsopn 2022/04/08 v2.04 operator names
)
\inf@bad=\count442
LaTeX Info: Redefining \frac on input line 234.
\uproot@=\count443
\leftroot@=\count444
LaTeX Info: Redefining \overline on input line 399.
LaTeX Info: Redefining \colon on input line 410.
\classnum@=\count445
\DOTSCASE@=\count446
LaTeX Info: Redefining \ldots on input line 496.
LaTeX Info: Redefining \dots on input line 499.
LaTeX Info: Redefining \cdots on input line 620.
\Mathstrutbox@=\box100
\strutbox@=\box101
LaTeX Info: Redefining \big on input line 722.
LaTeX Info: Redefining \Big on input line 723.
LaTeX Info: Redefining \bigg on input line 724.
LaTeX Info: Redefining \Bigg on input line 725.
\big@size=\dimen181
LaTeX Font Info:    Redeclaring font encoding OML on input line 743.
LaTeX Font Info:    Redeclaring font encoding OMS on input line 744.
\macc@depth=\count447
LaTeX Info: Redefining \bmod on input line 905.
LaTeX Info: Redefining \pmod on input line 910.
LaTeX Info: Redefining \smash on input line 940.
LaTeX Info: Redefining \relbar on input line 970.
LaTeX Info: Redefining \Relbar on input line 971.
\c@MaxMatrixCols=\count448
\dotsspace@=\muskip21
\c@parentequation=\count449
\dspbrk@lvl=\count450
\tag@help=\toks28
\row@=\count451
\column@=\count452
\maxfields@=\count453
\andhelp@=\toks29
\eqnshift@=\dimen182
\alignsep@=\dimen183
\tagshift@=\dimen184
\tagwidth@=\dimen185
\totwidth@=\dimen186
\lineht@=\dimen187
\@envbody=\toks30
\multlinegap=\skip103
\multlinetaggap=\skip104
\mathdisplay@stack=\toks31
LaTeX Info: Redefining \[ on input line 2953.
LaTeX Info: Redefining \] on input line 2954.
)
(D:\Program Files (x86)\latex\tex/latex/graphics\rotating.sty
Package: rotating 2016/08/11 v2.16d rotated objects in LaTeX
\c@r@tfl@t=\count454
\rotFPtop=\skip105
\rotFPbot=\skip106
\rot@float@box=\box102
\rot@mess@toks=\toks32
)
(D:\Program Files (x86)\latex\tex/latex/siunitx\siunitx.sty
Package: siunitx 2024-04-15 v3.3.14 A comprehensive (SI) units package
\l__siunitx_number_uncert_offset_int=\count455
\l__siunitx_number_exponent_fixed_int=\count456
\l__siunitx_number_min_decimal_int=\count457
\l__siunitx_number_min_integer_int=\count458
\l__siunitx_number_round_precision_int=\count459
\l__siunitx_number_lower_threshold_int=\count460
\l__siunitx_number_upper_threshold_int=\count461
\l__siunitx_number_group_first_int=\count462
\l__siunitx_number_group_size_int=\count463
\l__siunitx_number_group_minimum_int=\count464
\l__siunitx_angle_tmp_dim=\dimen188
\l__siunitx_angle_marker_box=\box103
\l__siunitx_angle_unit_box=\box104
\l__siunitx_compound_count_int=\count465

(D:\Program Files (x86)\latex\tex/latex/translations\translations.sty
Package: translations 2022/02/05 v1.12 internationalization of LaTeX2e packages
 (CN)
)
\l__siunitx_table_tmp_box=\box105
\l__siunitx_table_tmp_dim=\dimen189
\l__siunitx_table_column_width_dim=\dimen190
\l__siunitx_table_integer_box=\box106
\l__siunitx_table_decimal_box=\box107
\l__siunitx_table_uncert_box=\box108
\l__siunitx_table_before_box=\box109
\l__siunitx_table_after_box=\box110
\l__siunitx_table_before_dim=\dimen191
\l__siunitx_table_carry_dim=\dimen192
\l__siunitx_unit_tmp_int=\count466
\l__siunitx_unit_position_int=\count467
\l__siunitx_unit_total_int=\count468
)
(D:\Program Files (x86)\latex\tex/latex/xcolor\xcolor.sty
Package: xcolor 2023/11/15 v3.01 LaTeX color extensions (UK)

(D:\Program Files (x86)\latex\tex/latex/graphics-cfg\color.cfg
File: color.cfg 2016/01/02 v1.6 sample color configuration
)
Package xcolor Info: Driver file: pdftex.def on input line 274.
LaTeX Info: Redefining \color on input line 758.

(D:\Program Files (x86)\latex\tex/latex/graphics\mathcolor.ltx)
Package xcolor Info: Model `cmy' substituted by `cmy0' on input line 1350.
Package xcolor Info: Model `hsb' substituted by `rgb' on input line 1354.
Package xcolor Info: Model `RGB' extended on input line 1366.
Package xcolor Info: Model `HTML' substituted by `rgb' on input line 1368.
Package xcolor Info: Model `Hsb' substituted by `hsb' on input line 1369.
Package xcolor Info: Model `tHsb' substituted by `hsb' on input line 1370.
Package xcolor Info: Model `HSB' substituted by `hsb' on input line 1371.
Package xcolor Info: Model `Gray' substituted by `gray' on input line 1372.
Package xcolor Info: Model `wave' substituted by `hsb' on input line 1373.
)
(D:\Program Files (x86)\latex\tex/latex/colortbl\colortbl.sty
Package: colortbl 2024/02/20 v1.0g Color table columns (DPC)
\everycr=\toks33
\minrowclearance=\skip107
\rownum=\count469
)
(D:\Program Files (x86)\latex\tex/latex/mathtools\mathtools.sty
Package: mathtools 2024/03/11 v1.30 mathematical typesetting tools

(D:\Program Files (x86)\latex\tex/latex/tools\calc.sty
Package: calc 2023/07/08 v4.3 Infix arithmetic (KKT,FJ)
\calc@Acount=\count470
\calc@Bcount=\count471
\calc@Adimen=\dimen193
\calc@Bdimen=\dimen194
\calc@Askip=\skip108
\calc@Bskip=\skip109
LaTeX Info: Redefining \setlength on input line 80.
LaTeX Info: Redefining \addtolength on input line 81.
\calc@Ccount=\count472
\calc@Cskip=\skip110
)
(D:\Program Files (x86)\latex\tex/latex/mathtools\mhsetup.sty
Package: mhsetup 2021/03/18 v1.4 programming setup (MH)
)
\g_MT_multlinerow_int=\count473
\l_MT_multwidth_dim=\dimen195
\origjot=\skip111
\l_MT_shortvdotswithinadjustabove_dim=\dimen196
\l_MT_shortvdotswithinadjustbelow_dim=\dimen197
\l_MT_above_intertext_sep=\dimen198
\l_MT_below_intertext_sep=\dimen199
\l_MT_above_shortintertext_sep=\dimen256
\l_MT_below_shortintertext_sep=\dimen257
\xmathstrut@box=\box111
\xmathstrut@dim=\dimen258
)
(D:\Program Files (x86)\latex\tex/latex/ncctools\nccmath.sty
Package: nccmath 2006/01/20 v1.3 Additional Math Commands (NCC)
\NCC@fracrulewidth=\dimen259
)
(D:\Program Files (x86)\latex\tex/latex/cool\cool.sty
Package: cool 2023/05/03 v1.35 COntent Oriented LaTeX

(D:\Program Files (x86)\latex\tex/latex/coollist\coollist.sty
Package: coollist 2023/05/03 v1.4 COntent Oriented LaTeX Lists

(D:\Program Files (x86)\latex\tex/latex/coolstr\coolstr.sty
Package: coolstr 2009/09/09 v2.2 COntent Oriented LaTeX Strings
\c@COOL@strlen=\count474
\c@COOL@strpointer=\count475
\c@COOL@str@index=\count476
\c@COOL@str@start=\count477
\c@COOL@str@end=\count478
)
(D:\Program Files (x86)\latex\tex/latex/forloop\forloop.sty
Package: forloop 2023/05/03 v3.0 For Loops for LaTeX
)
\c@COOL@listlen=\count479
\c@COOL@listpointer=\count480
\c@COOL@intsum=\count481
\c@COOL@register@ct=\count482
\c@COOL@register@len=\count483
)
(D:\Program Files (x86)\latex\tex/latex/bbm\bbm.sty
Package: bbm 1999/03/15 V 1.2 provides fonts for set symbols - TH
LaTeX Font Info:    Overwriting math alphabet `\mathbbm' in version `bold'
(Font)                  U/bbm/m/n --> U/bbm/bx/n on input line 33.
LaTeX Font Info:    Overwriting math alphabet `\mathbbmss' in version `bold'
(Font)                  U/bbmss/m/n --> U/bbmss/bx/n on input line 35.
)
\c@COOL@ct=\count484
\c@COOL@ct@=\count485
\c@COOL@multideriv=\count486
\c@COOL@row=\count487
\c@COOL@col=\count488
)

LaTeX Warning: \include should only be used after \begin{document} on input lin
e 123.

(biblio/config.tex
Package biblatex Info: Redefining '\citeauthor' on input line 6.
Package biblatex Info: Redefining '\citetitle' on input line 18.
Package biblatex Info: Redefining '\cite' on input line 29.
Package biblatex Info: Redefining '\parencite' on input line 43.
Package biblatex Info: Redefining '\footcite' on input line 57.
Package biblatex Info: Redefining '\footcitetext' on input line 64.
Package biblatex Info: Redefining '\textcite' on input line 71.
)
Package csquotes Info: Checking for multilingual support...
Package csquotes Info: ... found 'babel' package.
Package csquotes Info: Adjusting default style.
Package csquotes Info: Redefining alias 'default' -> 'spanish'.
LaTeX Font Info:    Trying to load font information for OT1+ptm on input line 1
43.
 (D:\Program Files (x86)\latex\tex/latex/psnfss\ot1ptm.fd
File: ot1ptm.fd 2001/06/04 font definitions for OT1/ptm.
)

LaTeX Warning: Unused global option(s):
    [times].

(tesis.aux
LaTeX Info: Redefining \. on input line 12.
LaTeX Info: Redefining \% on input line 12.
 (1/planteamiento.aux) (2/marco.aux

LaTeX Warning: Label `1:fig2' multiply defined.


LaTeX Warning: Label `1:fig2' multiply defined.


LaTeX Warning: Label `1:fig2' multiply defined.


LaTeX Warning: Label `1:fig2' multiply defined.


LaTeX Warning: Label `1:fig2' multiply defined.


LaTeX Warning: Label `1:fig2' multiply defined.


LaTeX Warning: Label `1:fig2' multiply defined.


LaTeX Warning: Label `1:fig2' multiply defined.


LaTeX Warning: Label `1:fig2' multiply defined.


LaTeX Warning: Label `1:fig2' multiply defined.


LaTeX Warning: Label `1:fig2' multiply defined.


LaTeX Warning: Label `1:fig2' multiply defined.


LaTeX Warning: Label `1:fig2' multiply defined.


LaTeX Warning: Label `1:fig2' multiply defined.


LaTeX Warning: Label `1:fig2' multiply defined.


LaTeX Warning: Label `1:fig2' multiply defined.


LaTeX Warning: Label `1:fig2' multiply defined.


LaTeX Warning: Label `1:fig2' multiply defined.


LaTeX Warning: Label `1:fig2' multiply defined.


LaTeX Warning: Label `1:fig2' multiply defined.


LaTeX Warning: Label `1:fig2' multiply defined.


LaTeX Warning: Label `1:fig2' multiply defined.


LaTeX Warning: Label `1:fig2' multiply defined.


LaTeX Warning: Label `1:fig2' multiply defined.


LaTeX Warning: Label `1:fig2' multiply defined.

) (anexos/anexo.aux))
\openout1 = `tesis.aux'.

LaTeX Font Info:    Checking defaults for OML/cmm/m/it on input line 143.
LaTeX Font Info:    ... okay on input line 143.
LaTeX Font Info:    Checking defaults for OMS/cmsy/m/n on input line 143.
LaTeX Font Info:    ... okay on input line 143.
LaTeX Font Info:    Checking defaults for OT1/cmr/m/n on input line 143.
LaTeX Font Info:    ... okay on input line 143.
LaTeX Font Info:    Checking defaults for T1/cmr/m/n on input line 143.
LaTeX Font Info:    ... okay on input line 143.
LaTeX Font Info:    Checking defaults for TS1/cmr/m/n on input line 143.
LaTeX Font Info:    ... okay on input line 143.
LaTeX Font Info:    Checking defaults for OMX/cmex/m/n on input line 143.
LaTeX Font Info:    ... okay on input line 143.
LaTeX Font Info:    Checking defaults for U/cmr/m/n on input line 143.
LaTeX Font Info:    ... okay on input line 143.
LaTeX Font Info:    Checking defaults for PD1/pdf/m/n on input line 143.
LaTeX Font Info:    ... okay on input line 143.
LaTeX Font Info:    Checking defaults for PU/pdf/m/n on input line 143.
LaTeX Font Info:    ... okay on input line 143.

*geometry* driver: auto-detecting
*geometry* detected driver: pdftex
*geometry* verbose mode - [ preamble ] result:
* driver: pdftex
* paper: a4paper
* layout: <same size as paper>
* layoutoffset:(h,v)=(0.0pt,0.0pt)
* modes: 
* h-part:(L,W,R)=(72.2698pt, 452.96826pt, 72.2698pt)
* v-part:(T,H,B)=(72.2698pt, 700.50723pt, 72.2698pt)
* \paperwidth=597.50787pt
* \paperheight=845.04684pt
* \textwidth=452.96826pt
* \textheight=700.50723pt
* \oddsidemargin=-0.00018pt
* \evensidemargin=-0.00018pt
* \topmargin=-37.00018pt
* \headheight=12.0pt
* \headsep=25.0pt
* \topskip=12.0pt
* \footskip=30.0pt
* \marginparwidth=44.0pt
* \marginparsep=10.0pt
* \columnsep=20.0pt
* \skip\footins=10.8pt plus 4.0pt minus 2.0pt
* \hoffset=0.0pt
* \voffset=0.0pt
* \mag=1000
* \@twocolumnfalse
* \@twosidefalse
* \@mparswitchfalse
* \@reversemarginfalse
* (1in=72.27pt=25.4mm, 1cm=28.453pt)

LaTeX Info: Redefining \. on input line 143.
LaTeX Info: Redefining \% on input line 143.
Package biblatex Info: Trying to load language 'spanish' -> 'spanish-apa'...
Package biblatex Info: ... file 'spanish-apa.lbx' found.
(D:\Program Files (x86)\latex\tex/latex/biblatex-apa\spanish-apa.lbx
File: spanish-apa.lbx 2023/03/20 v9.17 APA biblatex localisation
Package biblatex Info: Trying to load language 'spanish'...
Package biblatex Info: ... file 'spanish.lbx' found.

(D:\Program Files (x86)\latex\tex/latex/biblatex/lbx\spanish.lbx
File: spanish.lbx 2023/03/05 v3.19 biblatex localization (PK/MW)
)
Package biblatex Info: Trying to load language 'spanish'...
Package biblatex Info: ... file 'spanish.lbx' found.

(D:\Program Files (x86)\latex\tex/latex/biblatex/lbx\spanish.lbx
File: spanish.lbx 2023/03/05 v3.19 biblatex localization (PK/MW)
))
Package biblatex Info: Input encoding 'utf8' detected.
Package biblatex Info: Automatic encoding selection.
(biblatex)             Assuming data encoding 'utf8'.
\openout3 = `tesis.bcf'.

Package biblatex Info: Trying to load bibliographic data...
Package biblatex Info: ... file 'tesis.bbl' found.
 (tesis.bbl)
Package biblatex Info: Reference section=0 on input line 143.
Package biblatex Info: Reference segment=0 on input line 143.
Package hyperref Info: Link coloring ON on input line 143.

(tesis.out) (tesis.out)
\@outlinefile=\write4
\openout4 = `tesis.out'.


(D:\Program Files (x86)\latex\tex/context/base/mkii\supp-pdf.mkii
[Loading MPS to PDF converter (version 2006.09.02).]
\scratchcounter=\count489
\scratchdimen=\dimen260
\scratchbox=\box112
\nofMPsegments=\count490
\nofMParguments=\count491
\everyMPshowfont=\toks34
\MPscratchCnt=\count492
\MPscratchDim=\dimen261
\MPnumerator=\count493
\makeMPintoPDFobject=\count494
\everyMPtoPDFconversion=\toks35
) (D:\Program Files (x86)\latex\tex/latex/epstopdf-pkg\epstopdf-base.sty
Package: epstopdf-base 2020-01-24 v2.11 Base part for package epstopdf
Package epstopdf-base Info: Redefining graphics rule for `.eps' on input line 4
85.

(D:\Program Files (x86)\latex\tex/latex/00miktex\epstopdf-sys.cfg
File: epstopdf-sys.cfg 2021/03/18 v2.0 Configuration of epstopdf for MiKTeX
))
Package caption Info: Begin \AtBeginDocument code.
Package caption Info: rotating package is loaded.
Package caption Info: End \AtBeginDocument code.

(D:\Program Files (x86)\latex\tex/latex/translations/dicts\translations-basic-d
ictionary-spanish.trsl
File: translations-basic-dictionary-spanish.trsl (spanish translation file `tra
nslations-basic-dictionary')
)
Package translations Info: loading dictionary `translations-basic-dictionary' f
or `spanish'. on input line 143.
<images_repo/esanlogomin.png, id=375, 100.6962pt x 100.2144pt>
File: images_repo/esanlogomin.png Graphic file (type png)
<use images_repo/esanlogomin.png>
Package pdftex.def Info: images_repo/esanlogomin.png  used on input line 149.
(pdftex.def)             Requested size: 203.83434pt x 202.87491pt.
 [1

{C:/Users/GUILLERMO/AppData/Local/MiKTeX/fonts/map/pdftex/pdftex.map}{D:/Progra
m Files (x86)/latex/fonts/enc/dvips/base/8r.enc} <./images_repo/esanlogomin.png
>] (tesis.toc
LaTeX Info: Redefining \sptext on input line 1.
LaTeX Info: Redefining \. on input line 1.
LaTeX Info: Redefining \% on input line 1.
LaTeX Font Info:    Trying to load font information for OT1+ztmcm on input line
 5.

(D:\Program Files (x86)\latex\tex/latex/psnfss\ot1ztmcm.fd
File: ot1ztmcm.fd 2000/01/03 Fontinst v1.801 font definitions for OT1/ztmcm.
)
LaTeX Font Info:    Trying to load font information for OML+ztmcm on input line
 5.

(D:\Program Files (x86)\latex\tex/latex/psnfss\omlztmcm.fd
File: omlztmcm.fd 2000/01/03 Fontinst v1.801 font definitions for OML/ztmcm.
)
LaTeX Font Info:    Trying to load font information for OMS+ztmcm on input line
 5.

(D:\Program Files (x86)\latex\tex/latex/psnfss\omsztmcm.fd
File: omsztmcm.fd 2000/01/03 Fontinst v1.801 font definitions for OMS/ztmcm.
)
LaTeX Font Info:    Trying to load font information for OMX+ztmcm on input line
 5.

(D:\Program Files (x86)\latex\tex/latex/psnfss\omxztmcm.fd
File: omxztmcm.fd 2000/01/03 Fontinst v1.801 font definitions for OMX/ztmcm.
)
LaTeX Font Info:    Font shape `OT1/ptm/bx/n' in size <12> not available
(Font)              Font shape `OT1/ptm/b/n' tried instead on input line 5.
LaTeX Font Info:    Font shape `OT1/ptm/bx/n' in size <9> not available
(Font)              Font shape `OT1/ptm/b/n' tried instead on input line 5.
LaTeX Font Info:    Font shape `OT1/ptm/bx/n' in size <7> not available
(Font)              Font shape `OT1/ptm/b/n' tried instead on input line 5.

pdfTeX warning (ext4): destination with the same identifier (name{page.1}) has 
been already used, duplicate ignored
<to be read again> 
                   \relax 
l.21 ...}Hipótesis General}{14}{subsection.1.6.1}
                                                  % [1

]
Overfull \hbox (27.89243pt too wide) in paragraph at lines 34--34
 [][] [][][]\OT1/ptm/m/n/12 Predicting mo-tor vehi-cle theft in San-tia-go de C
hi-le using graph-convolutional 
 []


LaTeX Warning: Citation 'pr_de' on page 2 undefined on input line 50.

LaTeX Info: Redefining \sptext on input line 79.
LaTeX Info: Redefining \. on input line 79.
LaTeX Info: Redefining \% on input line 79.
[2])
\tf@toc=\write5
\openout5 = `tesis.toc'.

LaTeX Info: Redefining \. on input line 189.
LaTeX Info: Redefining \% on input line 189.
 [3] (tesis.lof
LaTeX Info: Redefining \sptext on input line 1.
LaTeX Info: Redefining \. on input line 1.
LaTeX Info: Redefining \% on input line 1.
LaTeX Font Info:    Trying to load font information for U+lasy on input line 7.

 (D:\Program Files (x86)\latex\tex/latex/base\ulasy.fd
File: ulasy.fd 1998/08/17 v2.2e LaTeX symbol font definitions
)
Overfull \hbox (7.39232pt too wide) in paragraph at lines 13--13
 [][][]  \OT1/ptm/m/n/12 Pre-dic-ting Mo-tor Vehi-cle Theft in San-tia-go de Ch
i-le using Graph-Convolutional 
 []

[4

]
Overfull \hbox (6.44362pt too wide) in paragraph at lines 16--16
 [][] [][][]\OT1/ptm/m/n/12 Metodolog[]^^Pa Pro-pues-ta Fuen-te: ([][][][][]So-
ni, Gau-ri Shan-kar & San-deep, 2019[][][][]). [][][]  Route- 
 []


LaTeX Warning: Citation 'pr_de' on page 5 undefined on input line 20.


LaTeX Warning: Citation 'pr_de' on page 5 undefined on input line 21.


LaTeX Warning: Citation 'pr_de' on page 5 undefined on input line 22.


Overfull \hbox (0.77351pt too wide) in paragraph at lines 25--25
 \OT1/ptm/m/n/12 ([][][][][]2020[][][][]). [][][]  An En-han-ced Mo-tif Graph C
lustering-Based Deep Lear-ning Ap-proach 
 []

LaTeX Info: Redefining \sptext on input line 29.
LaTeX Info: Redefining \. on input line 29.
LaTeX Info: Redefining \% on input line 29.
[5])
\tf@lof=\write6
\openout6 = `tesis.lof'.

LaTeX Info: Redefining \. on input line 191.
LaTeX Info: Redefining \% on input line 191.
 [6] (tesis.lot
LaTeX Info: Redefining \sptext on input line 1.
LaTeX Info: Redefining \. on input line 1.
LaTeX Info: Redefining \% on input line 1.
)
\tf@lot=\write7
\openout7 = `tesis.lot'.

 [7

]
\openout2 = `1/planteamiento.aux'.

 (1/planteamiento.tex
Cap\'{\i }tulo 1.
<1/figures/fig11.jpg, id=717, 404.712pt x 393.26926pt>
File: 1/figures/fig11.jpg Graphic file (type jpg)
<use 1/figures/fig11.jpg>
Package pdftex.def Info: 1/figures/fig11.jpg  used on input line 10.
(pdftex.def)             Requested size: 294.4266pt x 286.11804pt.

LaTeX Warning: `h' float specifier changed to `ht'.

<1/figures/fig1.jpg, id=728, 483.0045pt x 281.25075pt>
File: 1/figures/fig1.jpg Graphic file (type jpg)
<use 1/figures/fig1.jpg>
Package pdftex.def Info: 1/figures/fig1.jpg  used on input line 21.
(pdftex.def)             Requested size: 294.4266pt x 171.44254pt.
[8


]

LaTeX Warning: `h' float specifier changed to `ht'.

LaTeX Info: Redefining \. on input line 31.
LaTeX Info: Redefining \% on input line 31.
[9 <./1/figures/fig11.jpg>]
LaTeX Info: Redefining \. on input line 45.
LaTeX Info: Redefining \% on input line 45.
 [10 <./1/figures/fig1.jpg>]
LaTeX Info: Redefining \. on input line 98.
LaTeX Info: Redefining \% on input line 98.
 [11]
LaTeX Info: Redefining \. on input line 109.
LaTeX Info: Redefining \% on input line 109.
 [12]
LaTeX Info: Redefining \. on input line 121.
LaTeX Info: Redefining \% on input line 121.
 [13])
LaTeX Info: Redefining \. on input line 195.
LaTeX Info: Redefining \% on input line 195.

[14]
\openout2 = `2/marco.aux'.

 (2/marco.tex
Cap\'{\i }tulo 2.
(2/1_antecedentes/antecedentes.tex
Overfull \hbox (15.3873pt too wide) in paragraph at lines 3--3
[]\OT1/ptm/b/n/14.4 Real-time deep re-in-for-ce-ment lear-ning ba-sed vehi-cle 
na-vi-ga-tion ([][][][][]Koh,
 []


Package hyperref Warning: Token not allowed in a PDF string (Unicode):
(hyperref)                removing `\citep' on input line 3.


Package hyperref Warning: Token not allowed in a PDF string (Unicode):
(hyperref)                removing `subscript' on input line 3.

[15




]
<2/figures/SUMO.jpg, id=797, 341.47575pt x 316.7835pt>
File: 2/figures/SUMO.jpg Graphic file (type jpg)
<use 2/figures/SUMO.jpg>
Package pdftex.def Info: 2/figures/SUMO.jpg  used on input line 16.
(pdftex.def)             Requested size: 271.7837pt x 252.1317pt.
LaTeX Info: Redefining \. on input line 26.
LaTeX Info: Redefining \% on input line 26.
 [16 <./2/figures/SUMO.jpg>]
<2/figures/ResultSumo.jpg, id=808, 744.98325pt x 239.09325pt>
File: 2/figures/ResultSumo.jpg Graphic file (type jpg)
<use 2/figures/ResultSumo.jpg>
Package pdftex.def Info: 2/figures/ResultSumo.jpg  used on input line 29.
(pdftex.def)             Requested size: 317.0764pt x 101.76103pt.
<2/figures/Result2Sumo.jpg, id=815, 745.5855pt x 186.6975pt>
File: 2/figures/Result2Sumo.jpg Graphic file (type jpg)
<use 2/figures/Result2Sumo.jpg>
Package pdftex.def Info: 2/figures/Result2Sumo.jpg  used on input line 39.
(pdftex.def)             Requested size: 317.0764pt x 79.39809pt.


Package hyperref Warning: Token not allowed in a PDF string (Unicode):
(hyperref)                removing `\citep' on input line 46.


Package hyperref Warning: Token not allowed in a PDF string (Unicode):
(hyperref)                removing `subscript' on input line 46.

LaTeX Info: Redefining \. on input line 51.
LaTeX Info: Redefining \% on input line 51.
[17 <./2/figures/ResultSumo.jpg> <./2/figures/Result2Sumo.jpg>]
<2/figures/SafeMetodo.jpg, id=830, 1135.24126pt x 425.1885pt>
File: 2/figures/SafeMetodo.jpg Graphic file (type jpg)
<use 2/figures/SafeMetodo.jpg>
Package pdftex.def Info: 2/figures/SafeMetodo.jpg  used on input line 59.
(pdftex.def)             Requested size: 294.4266pt x 110.27391pt.
<2/figures/safeRouteAgent.jpg, id=837, 349.305pt x 215.00325pt>
File: 2/figures/safeRouteAgent.jpg Graphic file (type jpg)
<use 2/figures/safeRouteAgent.jpg>
Package pdftex.def Info: 2/figures/safeRouteAgent.jpg  used on input line 71.
(pdftex.def)             Requested size: 294.4266pt x 181.23466pt.


LaTeX Warning: `h' float specifier changed to `ht'.


LaTeX Warning: Command \O invalid in math mode on input line 82.

LaTeX Info: Redefining \. on input line 86.
LaTeX Info: Redefining \% on input line 86.
[18 <./2/figures/SafeMetodo.jpg>]
LaTeX Info: Redefining \. on input line 97.
LaTeX Info: Redefining \% on input line 97.
 [19 <./2/figures/safeRouteAgent.jpg>]
<2/figures/resultSafe.jpg, id=858, 420.3705pt x 190.91325pt>
File: 2/figures/resultSafe.jpg Graphic file (type jpg)
<use 2/figures/resultSafe.jpg>
Package pdftex.def Info: 2/figures/resultSafe.jpg  used on input line 100.
(pdftex.def)             Requested size: 294.4266pt x 133.72284pt.


Package hyperref Warning: Token not allowed in a PDF string (Unicode):
(hyperref)                removing `\citep' on input line 109.


Package hyperref Warning: Token not allowed in a PDF string (Unicode):
(hyperref)                removing `subscript' on input line 109.

LaTeX Info: Redefining \. on input line 114.
LaTeX Info: Redefining \% on input line 114.
[20 <./2/figures/resultSafe.jpg>]
<2/figures/ChileMetodo.jpg, id=874, 589.0005pt x 483.0045pt>
File: 2/figures/ChileMetodo.jpg Graphic file (type jpg)
<use 2/figures/ChileMetodo.jpg>
Package pdftex.def Info: 2/figures/ChileMetodo.jpg  used on input line 122.
(pdftex.def)             Requested size: 294.4266pt x 241.45006pt.
LaTeX Info: Redefining \. on input line 130.
LaTeX Info: Redefining \% on input line 130.
 [21 <./2/figures/ChileMetodo.jpg>]
<2/figures/EsquivelRed.jpg, id=886, 287.8755pt x 354.123pt>
File: 2/figures/EsquivelRed.jpg Graphic file (type jpg)
<use 2/figures/EsquivelRed.jpg>
Package pdftex.def Info: 2/figures/EsquivelRed.jpg  used on input line 137.
(pdftex.def)             Requested size: 294.4266pt x 362.2165pt.
LaTeX Info: Redefining \. on input line 150.
LaTeX Info: Redefining \% on input line 150.
 [22 <./2/figures/EsquivelRed.jpg>]
Overfull \hbox (1.68219pt too wide) in paragraph at lines 151--151
[]\OT1/ptm/b/n/14.4 Algoritmo pa-ra cal-cu-lar la ru-ta m[]as se-gu-ra y []opti
-ma ([][][][][]Arei-za, Cano,
 []


Package hyperref Warning: Token not allowed in a PDF string (Unicode):
(hyperref)                removing `\citep' on input line 151.


Package hyperref Warning: Token not allowed in a PDF string (Unicode):
(hyperref)                removing `subscript' on input line 151.

LaTeX Info: Redefining \. on input line 162.
LaTeX Info: Redefining \% on input line 162.
[23]
<2/figures/segmento.jpg, id=909, 287.8755pt x 217.41225pt>
File: 2/figures/segmento.jpg Graphic file (type jpg)
<use 2/figures/segmento.jpg>
Package pdftex.def Info: 2/figures/segmento.jpg  used on input line 165.
(pdftex.def)             Requested size: 271.7837pt x 205.27982pt.
<2/figures/medellinMetodo.jpg, id=916, 772.0845pt x 479.391pt>
File: 2/figures/medellinMetodo.jpg Graphic file (type jpg)
<use 2/figures/medellinMetodo.jpg>
Package pdftex.def Info: 2/figures/medellinMetodo.jpg  used on input line 176.
(pdftex.def)             Requested size: 294.4266pt x 182.81418pt.


LaTeX Warning: `h' float specifier changed to `ht'.


LaTeX Warning: `h' float specifier changed to `ht'.

LaTeX Info: Redefining \. on input line 201.
LaTeX Info: Redefining \% on input line 201.
[24 <./2/figures/segmento.jpg>]

Package hyperref Warning: Token not allowed in a PDF string (Unicode):
(hyperref)                removing `\citep' on input line 204.


Package hyperref Warning: Token not allowed in a PDF string (Unicode):
(hyperref)                removing `subscript' on input line 204.

LaTeX Info: Redefining \. on input line 209.
LaTeX Info: Redefining \% on input line 209.
[25 <./2/figures/medellinMetodo.jpg>]
<2/figures/routeMet.jpg, id=944, 164.41425pt x 401.0985pt>
File: 2/figures/routeMet.jpg Graphic file (type jpg)
<use 2/figures/routeMet.jpg>
Package pdftex.def Info: 2/figures/routeMet.jpg  used on input line 215.
(pdftex.def)             Requested size: 135.89185pt x 331.52847pt.
LaTeX Info: Redefining \. on input line 224.
LaTeX Info: Redefining \% on input line 224.
 [26 <./2/figures/routeMet.jpg>]
LaTeX Info: Redefining \. on input line 258.
LaTeX Info: Redefining \% on input line 258.
 [27]
<2/figures/CondicionSafe.jpg, id=963, 278.2395pt x 264.99pt>
File: 2/figures/CondicionSafe.jpg Graphic file (type jpg)
<use 2/figures/CondicionSafe.jpg>
Package pdftex.def Info: 2/figures/CondicionSafe.jpg  used on input line 272.
(pdftex.def)             Requested size: 226.48413pt x 215.70009pt.
<2/figures/resultRoute.jpg, id=970, 295.70474pt x 428.802pt>
File: 2/figures/resultRoute.jpg Graphic file (type jpg)
<use 2/figures/resultRoute.jpg>
Package pdftex.def Info: 2/figures/resultRoute.jpg  used on input line 286.
(pdftex.def)             Requested size: 181.18454pt x 262.73349pt.


LaTeX Warning: `h' float specifier changed to `ht'.


Package hyperref Warning: Token not allowed in a PDF string (Unicode):
(hyperref)                removing `\citep' on input line 296.


Package hyperref Warning: Token not allowed in a PDF string (Unicode):
(hyperref)                removing `subscript' on input line 296.

LaTeX Info: Redefining \. on input line 298.
LaTeX Info: Redefining \% on input line 298.
[28 <./2/figures/CondicionSafe.jpg>]
<2/figures/AtenaMetodo.jpg, id=987, 868.4445pt x 362.5545pt>
File: 2/figures/AtenaMetodo.jpg Graphic file (type jpg)
<use 2/figures/AtenaMetodo.jpg>
Package pdftex.def Info: 2/figures/AtenaMetodo.jpg  used on input line 307.
(pdftex.def)             Requested size: 294.4266pt x 122.91284pt.
LaTeX Info: Redefining \. on input line 314.
LaTeX Info: Redefining \% on input line 314.
 [29 <./2/figures/resultRoute.jpg>]
LaTeX Info: Redefining \. on input line 329.
LaTeX Info: Redefining \% on input line 329.

[30 <./2/figures/AtenaMetodo.jpg>]

LaTeX Warning: Citation 'pr_de' on page 31 undefined on input line 330.


Package hyperref Warning: Token not allowed in a PDF string (Unicode):
(hyperref)                removing `\citep' on input line 330.


Package hyperref Warning: Token not allowed in a PDF string (Unicode):
(hyperref)                removing `subscript' on input line 330.


LaTeX Warning: Citation 'pr_de' on page 31 undefined on input line 331.


LaTeX Warning: Citation 'pr_de' on page 31 undefined on input line 331.

LaTeX Info: Redefining \. on input line 338.
LaTeX Info: Redefining \% on input line 338.
[31]
<2/figures/algoMod.jpg, id=1010, 376.40625pt x 178.86826pt>
File: 2/figures/algoMod.jpg Graphic file (type jpg)
<use 2/figures/algoMod.jpg>
Package pdftex.def Info: 2/figures/algoMod.jpg  used on input line 344.
(pdftex.def)             Requested size: 271.7837pt x 129.16168pt.


LaTeX Warning: Citation 'pr_de' on page 32 undefined on input line 346.


LaTeX Warning: Citation 'pr_de' on page 32 undefined on input line 346.


LaTeX Warning: Citation 'pr_de' on page 32 undefined on input line 346.


LaTeX Warning: Citation 'pr_de' on page 32 undefined on input line 346.

<2/figures/politica.jpg, id=1011, 379.4175pt x 184.89075pt>
File: 2/figures/politica.jpg Graphic file (type jpg)
<use 2/figures/politica.jpg>
Package pdftex.def Info: 2/figures/politica.jpg  used on input line 357.
(pdftex.def)             Requested size: 271.7837pt x 132.44412pt.

LaTeX Warning: Citation 'pr_de' on page 32 undefined on input line 359.


LaTeX Warning: Citation 'pr_de' on page 32 undefined on input line 359.


LaTeX Warning: Citation 'pr_de' on page 32 undefined on input line 359.


LaTeX Warning: Citation 'pr_de' on page 32 undefined on input line 359.


LaTeX Warning: `h' float specifier changed to `ht'.

<2/figures/resultN.jpg, id=1012, 431.211pt x 146.34676pt>
File: 2/figures/resultN.jpg Graphic file (type jpg)
<use 2/figures/resultN.jpg>
Package pdftex.def Info: 2/figures/resultN.jpg  used on input line 371.
(pdftex.def)             Requested size: 294.4266pt x 99.92758pt.

LaTeX Warning: Citation 'pr_de' on page 32 undefined on input line 373.


LaTeX Warning: Citation 'pr_de' on page 32 undefined on input line 373.


LaTeX Warning: Citation 'pr_de' on page 32 undefined on input line 373.


LaTeX Warning: Citation 'pr_de' on page 32 undefined on input line 373.

LaTeX Info: Redefining \. on input line 376.
LaTeX Info: Redefining \% on input line 376.
[32 <./2/figures/algoMod.jpg>]

Package hyperref Warning: Token not allowed in a PDF string (Unicode):
(hyperref)                removing `\citep' on input line 380.


Package hyperref Warning: Token not allowed in a PDF string (Unicode):
(hyperref)                removing `subscript' on input line 380.

LaTeX Info: Redefining \. on input line 385.
LaTeX Info: Redefining \% on input line 385.
[33 <./2/figures/politica.jpg> <./2/figures/resultN.jpg>]
<2/figures/CLUSTER.jpg, id=1026, 350.5095pt x 260.172pt>
File: 2/figures/CLUSTER.jpg Graphic file (type jpg)
<use 2/figures/CLUSTER.jpg>
Package pdftex.def Info: 2/figures/CLUSTER.jpg  used on input line 392.
(pdftex.def)             Requested size: 294.4266pt x 218.54694pt.
LaTeX Info: Redefining \. on input line 401.
LaTeX Info: Redefining \% on input line 401.
 [34 <./2/figures/CLUSTER.jpg>]
<2/figures/clusterRE1.jpg, id=1038, 585.387pt x 121.05225pt>
File: 2/figures/clusterRE1.jpg Graphic file (type jpg)
<use 2/figures/clusterRE1.jpg>
Package pdftex.def Info: 2/figures/clusterRE1.jpg  used on input line 408.
(pdftex.def)             Requested size: 294.4266pt x 60.88431pt.
<2/figures/clusterRE2.jpg, id=1045, 585.387pt x 122.25674pt>
File: 2/figures/clusterRE2.jpg Graphic file (type jpg)
<use 2/figures/clusterRE2.jpg>
Package pdftex.def Info: 2/figures/clusterRE2.jpg  used on input line 422.
(pdftex.def)             Requested size: 294.4266pt x 61.49011pt.
) (2/2_teoria/base_teo.tex
LaTeX Info: Redefining \. on input line 13.
LaTeX Info: Redefining \% on input line 13.
 [35 <./2/figures/clusterRE1.jpg> <./2/figures/clusterRE2.jpg>]

Package hyperref Warning: Token not allowed in a PDF string (Unicode):
(hyperref)                removing `\parencite' on input line 13.


Package hyperref Warning: Token not allowed in a PDF string (Unicode):
(hyperref)                removing `subscript' on input line 13.

LaTeX Info: Redefining \. on input line 21.
LaTeX Info: Redefining \% on input line 21.
[36]
LaTeX Info: Redefining \. on input line 36.
LaTeX Info: Redefining \% on input line 36.
 [37]
<2/MT/1.jpg, id=1095, 638.98724pt x 391.4625pt>
File: 2/MT/1.jpg Graphic file (type jpg)
<use 2/MT/1.jpg>
Package pdftex.def Info: 2/MT/1.jpg  used on input line 40.
(pdftex.def)             Requested size: 294.4266pt x 180.37358pt.
<2/MT/2.jpg, id=1105, 407.72325pt x 361.35pt>
File: 2/MT/2.jpg Graphic file (type jpg)
<use 2/MT/2.jpg>
Package pdftex.def Info: 2/MT/2.jpg  used on input line 52.
(pdftex.def)             Requested size: 294.4266pt x 260.93822pt.


LaTeX Warning: `h' float specifier changed to `ht'.

LaTeX Info: Redefining \. on input line 67.
LaTeX Info: Redefining \% on input line 67.
[38 <./2/MT/1.jpg>]
LaTeX Info: Redefining \. on input line 75.
LaTeX Info: Redefining \% on input line 75.
 [39 <./2/MT/2.jpg>]
<2/MT/3.jpg, id=1131, 635.976pt x 340.27126pt>
File: 2/MT/3.jpg Graphic file (type jpg)
<use 2/MT/3.jpg>
Package pdftex.def Info: 2/MT/3.jpg  used on input line 79.
(pdftex.def)             Requested size: 294.4266pt x 157.52875pt.
<2/MT/4.jpg, id=1144, 752.8125pt x 240.9pt>
File: 2/MT/4.jpg Graphic file (type jpg)
<use 2/MT/4.jpg>
Package pdftex.def Info: 2/MT/4.jpg  used on input line 95.
(pdftex.def)             Requested size: 294.4266pt x 94.21895pt.


LaTeX Warning: `h' float specifier changed to `ht'.

LaTeX Info: Redefining \. on input line 104.
LaTeX Info: Redefining \% on input line 104.
[40 <./2/MT/3.jpg>]
<2/MT/5.png, id=1167, 1012.78375pt x 728.7225pt>
File: 2/MT/5.png Graphic file (type png)
<use 2/MT/5.png>
Package pdftex.def Info: 2/MT/5.png  used on input line 113.
(pdftex.def)             Requested size: 294.4266pt x 211.84673pt.


LaTeX Warning: `h' float specifier changed to `ht'.

LaTeX Info: Redefining \. on input line 122.
LaTeX Info: Redefining \% on input line 122.
[41 <./2/MT/4.jpg>]
LaTeX Info: Redefining \. on input line 131.
LaTeX Info: Redefining \% on input line 131.
 [42 <./2/MT/5.png>]
LaTeX Info: Redefining \. on input line 145.
LaTeX Info: Redefining \% on input line 145.
 [43]
<2/MT/6.jpg, id=1206, 260.172pt x 383.63326pt>
File: 2/MT/6.jpg Graphic file (type jpg)
<use 2/MT/6.jpg>
Package pdftex.def Info: 2/MT/6.jpg  used on input line 151.
(pdftex.def)             Requested size: 226.48413pt x 333.97482pt.
LaTeX Info: Redefining \. on input line 162.
LaTeX Info: Redefining \% on input line 162.
 [44 <./2/MT/6.jpg>])
(2/3_conceptos/marc_conceptual.tex
LaTeX Info: Redefining \. on input line 4.
LaTeX Info: Redefining \% on input line 4.
 [45]
LaTeX Info: Redefining \. on input line 20.
LaTeX Info: Redefining \% on input line 20.
 [46]))
LaTeX Info: Redefining \. on input line 196.
LaTeX Info: Redefining \% on input line 196.
 [47] [48




]
\openout2 = `anexos/anexo.aux'.

 (anexos/anexo.tex
Anexos A.
LaTeX Font Info:    Font shape `OT1/ptm/bx/n' in size <10.95> not available
(Font)              Font shape `OT1/ptm/b/n' tried instead on input line 7.
LaTeX Font Info:    Font shape `OT1/ptm/bx/n' in size <8> not available
(Font)              Font shape `OT1/ptm/b/n' tried instead on input line 7.
LaTeX Font Info:    Font shape `OT1/ptm/bx/n' in size <6> not available
(Font)              Font shape `OT1/ptm/b/n' tried instead on input line 7.

Underfull \hbox (badness 7649) in paragraph at lines 15--15
[]|\OT1/ptm/m/n/10.95 Desarrollar un al-go-rit-mo de
 []


Underfull \hbox (badness 3078) in paragraph at lines 20--20
[]|\OT1/ptm/m/n/10.95 Determinar qu[]e al-go-rit-mo de
 []


Underfull \hbox (badness 2096) in paragraph at lines 22--22
[]|\OT1/ptm/m/n/10.95 ?`Qu[]e al-ter-na-ti-vas de pro-ce-sa-
 []


Underfull \hbox (badness 1158) in paragraph at lines 22--22
[]|\OT1/ptm/m/n/10.95 Seleccionar una al-ter-na-ti-va de
 []


Overfull \hbox (11.42305pt too wide) in paragraph at lines 7--29
 [][] 
 []


LaTeX Warning: `!h' float specifier changed to `!ht'.

<anexos/PROBLEMAS.jpg, id=1263, 1109.3445pt x 575.14874pt>
File: anexos/PROBLEMAS.jpg Graphic file (type jpg)
<use anexos/PROBLEMAS.jpg>
Package pdftex.def Info: anexos/PROBLEMAS.jpg  used on input line 40.
(pdftex.def)             Requested size: 475.61804pt x 246.5895pt.

Overfull \hbox (22.64978pt too wide) in paragraph at lines 40--42
 [] 
 []

[49


 <./anexos/PROBLEMAS.jpg>]
LaTeX Info: Redefining \. on input line 44.
LaTeX Info: Redefining \% on input line 44.
 [50]
<anexos/OBJETIVOS.jpg, id=1273, 1112.958pt x 585.387pt>
File: anexos/OBJETIVOS.jpg Graphic file (type jpg)
<use anexos/OBJETIVOS.jpg>
Package pdftex.def Info: anexos/OBJETIVOS.jpg  used on input line 53.
(pdftex.def)             Requested size: 475.61804pt x 250.16621pt.

Overfull \hbox (22.64978pt too wide) in paragraph at lines 53--55
 [] 
 []

LaTeX Info: Redefining \. on input line 57.
LaTeX Info: Redefining \% on input line 57.
[51

 <./anexos/OBJETIVOS.jpg>]
Anexos B.
LaTeX Font Info:    Font shape `OT1/ptm/bx/n' in size <10> not available
(Font)              Font shape `OT1/ptm/b/n' tried instead on input line 67.
LaTeX Font Info:    Font shape `OT1/ptm/bx/n' in size <7.4> not available
(Font)              Font shape `OT1/ptm/b/n' tried instead on input line 67.
LaTeX Font Info:    Trying to load font information for TS1+ptm on input line 6
9.
(D:\Program Files (x86)\latex\tex/latex/psnfss\ts1ptm.fd
File: ts1ptm.fd 2001/06/04 font definitions for TS1/ptm.
)
Overfull \hbox (1.37367pt too wide) in paragraph at lines 71--71
[]|[]| 
 []


Underfull \hbox (badness 10000) in paragraph at lines 71--71
[]|\OT1/ptm/m/n/10 Predicting mo-tor vehi-cle
 []


Underfull \hbox (badness 10000) in paragraph at lines 71--71
\OT1/ptm/m/n/10 using graph-convolutional
 []


Underfull \hbox (badness 3884) in paragraph at lines 71--71
[]|\OT1/ptm/m/n/10 Esquivel, N.,
 []


Overfull \hbox (2.92818pt too wide) in paragraph at lines 71--71
[]|\OT1/ptm/m/n/10 2020| 
 []


Underfull \hbox (badness 10000) in paragraph at lines 71--72
[]|\OT1/ptm/m/n/10 39th In-ter-na-tio-nal
 []


Underfull \hbox (badness 10000) in paragraph at lines 71--72
\OT1/ptm/m/n/10 Con-fe-ren-ce of the
 []


Underfull \hbox (badness 10000) in paragraph at lines 71--72
\OT1/ptm/m/n/10 Chi-lean Com-pu-ter
 []


Underfull \hbox (badness 10000) in paragraph at lines 71--72
\OT1/ptm/m/n/10 Scien-ce So-ciety
 []


Underfull \hbox (badness 10000) in paragraph at lines 73--73
[]|\OT1/ptm/m/n/10 Levy, S.,
 []


Underfull \hbox (badness 10000) in paragraph at lines 73--73
\OT1/ptm/m/n/10 Xiong, W.,
 []


Underfull \hbox (badness 10000) in paragraph at lines 73--73
\OT1/ptm/m/n/10 Bel-ding, E.,
 []


Underfull \hbox (badness 1571) in paragraph at lines 73--73
\OT1/ptm/m/n/10 & Wang, W.
 []


Overfull \hbox (2.92818pt too wide) in paragraph at lines 73--73
[]|\OT1/ptm/m/n/10 2020| 
 []


Underfull \hbox (badness 10000) in paragraph at lines 73--74
[]|\OT1/ptm/m/n/10 ACM Transac-tions
 []


Underfull \hbox (badness 5578) in paragraph at lines 73--74
\OT1/ptm/m/n/10 on In-te-lli-gent Sys-
 []


Overfull \hbox (1.37367pt too wide) in paragraph at lines 75--76
[]|[]| 
 []


Underfull \hbox (badness 4454) in paragraph at lines 76--76
[]|\OT1/ptm/m/n/10 Route-the sa-fe: A ro-bust
 []


Underfull \hbox (badness 10000) in paragraph at lines 76--76
[]|\OT1/ptm/m/n/10 Soni, S.,
 []


Underfull \hbox (badness 10000) in paragraph at lines 76--76
\OT1/ptm/m/n/10 Shan-kar, V.
 []


Underfull \hbox (badness 1533) in paragraph at lines 76--76
\OT1/ptm/m/n/10 G., & Chau-
 []


Overfull \hbox (2.92818pt too wide) in paragraph at lines 76--76
[]|\OT1/ptm/m/n/10 2019| 
 []


Underfull \hbox (badness 5022) in paragraph at lines 78--78
[]|\OT1/ptm/m/n/10 Real-time deep re-in-for-ce-
 []


Underfull \hbox (badness 10000) in paragraph at lines 78--78
[]|\OT1/ptm/m/n/10 Koh, S.,
 []


Underfull \hbox (badness 3068) in paragraph at lines 78--78
\OT1/ptm/m/n/10 Zhou, B., et
 []


Overfull \hbox (2.92818pt too wide) in paragraph at lines 78--78
[]|\OT1/ptm/m/n/10 2020| 
 []


Underfull \hbox (badness 1436) in paragraph at lines 78--78
[]|\OT1/ptm/m/n/10 Reino Uni-
 []


Underfull \hbox (badness 2426) in paragraph at lines 78--79
[]|\OT1/ptm/m/n/10 Applied Soft Com-
 []


Underfull \hbox (badness 10000) in paragraph at lines 80--80
\OT1/ptm/m/n/10 Clustering-Based Deep
 []


Underfull \hbox (badness 10000) in paragraph at lines 80--80
\OT1/ptm/m/n/10 Lear-ning Ap-proach for
 []


Underfull \hbox (badness 10000) in paragraph at lines 80--80
[]|\OT1/ptm/m/n/10 Zhang, C.,
 []


Overfull \hbox (2.92818pt too wide) in paragraph at lines 80--80
[]|\OT1/ptm/m/n/10 2020| 
 []


Overfull \hbox (1.37367pt too wide) in paragraph at lines 82--82
[]|[]| 
 []


Underfull \hbox (badness 3635) in paragraph at lines 82--82
[]|\OT1/ptm/m/n/10 Cano, S., &
 []


Overfull \hbox (2.92818pt too wide) in paragraph at lines 82--82
[]|\OT1/ptm/m/n/10 2022| 
 []


Underfull \hbox (badness 3078) in paragraph at lines 84--84
[]|\OT1/ptm/m/n/10 A re-in-for-ce-ment learning-
 []


Underfull \hbox (badness 10000) in paragraph at lines 84--84
\OT1/ptm/m/n/10 based rou-ting al-go-rithm
 []


Underfull \hbox (badness 3088) in paragraph at lines 84--84
\OT1/ptm/m/n/10 for lar-ge street net-works.
 []


Underfull \hbox (badness 10000) in paragraph at lines 84--84
\OT1/ptm/m/n/10 In-ter-na-tio-nal Jour-nal of
 []


Underfull \hbox (badness 10000) in paragraph at lines 84--84
\OT1/ptm/m/n/10 Geo-graphi-cal In-for-ma-tion
 []


Underfull \hbox (badness 3049) in paragraph at lines 84--84
\OT1/ptm/m/n/10 Z., Ali-za-deh,
 []


Overfull \hbox (2.92818pt too wide) in paragraph at lines 84--84
[]|\OT1/ptm/m/n/10 2024| 
 []


Underfull \hbox (badness 1014) in paragraph at lines 84--85
\OT1/ptm/m/n/10 of Geo-graphi-cal In-
 []


Underfull \hbox (badness 10000) in paragraph at lines 86--86
\OT1/ptm/m/n/10 ti-fi-ca-tion: Exa-mi-ning the
 []


Overfull \hbox (2.92818pt too wide) in paragraph at lines 86--86
[]|\OT1/ptm/m/n/10 2023| 
 []


Underfull \hbox (badness 10000) in paragraph at lines 88--88
[]|\OT1/ptm/m/n/10 Deep re-in-for-ce-ment lear-
 []


Underfull \hbox (badness 5817) in paragraph at lines 88--88
\OT1/ptm/m/n/10 ning meets graph neu-ral
 []


Underfull \hbox (badness 10000) in paragraph at lines 88--88
[]|\OT1/ptm/m/n/10 Almasan, P.,
 []


Overfull \hbox (2.92818pt too wide) in paragraph at lines 88--88
[]|\OT1/ptm/m/n/10 2022| 
 []


LaTeX Warning: `h' float specifier changed to `ht'.

) [52


]
LaTeX Info: Redefining \. on input line 209.
LaTeX Info: Redefining \% on input line 209.
 [53] [54



]
Overfull \hbox (11.2576pt too wide) in paragraph at lines 214--214
[][]\OT1/ptm/m/n/12 Gamco. (s.f.). ?`Qu[]e es Apren-di-za-je por re-fuer-zo pro
-fun-do? [][]$https : / / gamco . es / glosario / aprendizaje -[]
 []

LaTeX Info: Redefining \. on input line 214.
LaTeX Info: Redefining \% on input line 214.
[55]
Overfull \hbox (0.47482pt too wide) in paragraph at lines 214--214
\OT1/ptm/m/n/12 ges, and re-search di-rec-tions. \OT1/ptm/m/it/12 Neu-ral Com-p
u-ting and Ap-pli-ca-tions\OT1/ptm/m/n/12 , \OT1/ptm/m/it/12 35\OT1/ptm/m/n/12 
(31), 23103[]23124.
 []

LaTeX Info: Redefining \. on input line 216.
LaTeX Info: Redefining \% on input line 216.
[56] (tesis.aux
LaTeX Info: Redefining \sptext on input line 12.
LaTeX Info: Redefining \. on input line 12.
LaTeX Info: Redefining \% on input line 12.
 (1/planteamiento.aux) (2/marco.aux) (anexos/anexo.aux))
 ***********
LaTeX2e <2023-11-01> patch level 1
L3 programming layer <2024-01-04>
 ***********


LaTeX Warning: There were undefined references.


LaTeX Warning: There were multiply-defined labels.

Package rerunfilecheck Info: File `tesis.out' has not changed.
(rerunfilecheck)             Checksum: BBE33141736F910E897E2246E8E1A1DB;20673.

Package biblatex Warning: Please (re)run Biber on the file:
(biblatex)                tesis
(biblatex)                and rerun LaTeX afterwards.

Package logreq Info: Writing requests to 'tesis.run.xml'.
\openout1 = `tesis.run.xml'.

 ) 
Here is how much of TeX's memory you used:
 29675 strings out of 474485
 574312 string characters out of 5751192
 1963542 words of memory out of 5000000
 51291 multiletter control sequences out of 15000+600000
 611815 words of font info for 153 fonts, out of 8000000 for 9000
 1141 hyphenation exceptions out of 8191
 66i,32n,88p,1572b,3702s stack positions out of 10000i,1000n,20000p,200000b,200000s
<D:/Program Files (x86)/latex/fonts/type1/public/amsfonts/cm/cmex10.pfb><D:/P
rogram Files (x86)/latex/fonts/type1/public/amsfonts/cm/cmmi10.pfb><D:/Program 
Files (x86)/latex/fonts/type1/public/amsfonts/cm/cmr10.pfb><D:/Program Files (x
86)/latex/fonts/type1/public/amsfonts/cm/cmsy10.pfb><D:/Program Files (x86)/lat
ex/fonts/type1/public/amsfonts/latxfont/lasy10.pfb><D:/Program Files (x86)/late
x/fonts/type1/urw/symbol/usyr.pfb><D:/Program Files (x86)/latex/fonts/type1/urw
/symbol/usyr.pfb><D:/Program Files (x86)/latex/fonts/type1/urw/times/utmb8a.pfb
><D:/Program Files (x86)/latex/fonts/type1/urw/times/utmr8a.pfb><D:/Program Fil
es (x86)/latex/fonts/type1/urw/times/utmri8a.pfb>
Output written on tesis.pdf (57 pages, 2896225 bytes).
PDF statistics:
 1472 PDF objects out of 1728 (max. 8388607)
 234 named destinations out of 1000 (max. 500000)
 900 words of extra memory for PDF output out of 10000 (max. 10000000)

